<?xml version="1.0" encoding="UTF-8"?>
<!-- Generated by org.testng.reporters.JUnitXMLReporter -->
<testsuite hostname="LAPTOP-9571310Q" name="Default test(failed)" tests="1" failures="0" timestamp="29 Oct 2019 11:14:48 GMT" time="0.24" errors="0">
  <testcase name="@BeforeMethod setupWeb" time="0.0" classname="requirements.messages.LoginPageTestCases">
    <failure type="java.lang.IllegalStateException" message="The driver executable does not exist: C:\browserDrivers\chromedriver.exe">
      <![CDATA[java.lang.IllegalStateException: The driver executable does not exist: C:\browserDrivers\chromedriver.exe
	at com.google.common.base.Preconditions.checkState(Preconditions.java:200)
	at org.openqa.selenium.remote.service.DriverService.checkExecutable(DriverService.java:117)
	at org.openqa.selenium.remote.service.DriverService.findExecutable(DriverService.java:112)
	at org.openqa.selenium.chrome.ChromeDriverService.createDefaultService(ChromeDriverService.java:89)
	at org.openqa.selenium.chrome.ChromeDriver.<init>(ChromeDriver.java:139)
	at configuration.WebConfiguration.setupWeb(WebConfiguration.java:26)
... Removed 26 stack frames]]>
    </failure>
  </testcase> <!-- @BeforeMethod setupWeb -->
  <testcase name="@AfterMethod tearDownWeb" time="0.0" classname="requirements.messages.LoginPageTestCases">
    <failure type="java.lang.NullPointerException">
      <![CDATA[java.lang.NullPointerException
	at configuration.WebConfiguration.tearDownWeb(WebConfiguration.java:38)
... Removed 26 stack frames]]>
    </failure>
  </testcase> <!-- @AfterMethod tearDownWeb -->
  <testcase name="print" time="0.016" classname="requirements.messages.LoginPageTestCases">
    <skipped/>
  </testcase> <!-- print -->
</testsuite> <!-- Default test(failed) -->
