<?xml version="1.0" encoding="UTF-8"?>
<!-- Generated by org.testng.reporters.JUnitXMLReporter -->
<testsuite hostname="DESKTOP-DS4FHK7" failures="0" tests="1" name="Test" time="0.1" errors="0" timestamp="28 Mar 2019 06:24:26 GMT">
  <testcase classname="requirements.messages.TestCasesRequirement1" name="@BeforeMethod setupWeb" time="0.0">
    <failure type="java.lang.IllegalStateException" message="The driver executable does not exist: C:\browserDrivers\chromedriver.exe">
      <![CDATA[java.lang.IllegalStateException: The driver executable does not exist: C:\browserDrivers\chromedriver.exe
	at com.google.common.base.Preconditions.checkState(Preconditions.java:585)
	at org.openqa.selenium.remote.service.DriverService.checkExecutable(DriverService.java:146)
	at org.openqa.selenium.remote.service.DriverService.findExecutable(DriverService.java:141)
	at org.openqa.selenium.chrome.ChromeDriverService.access$000(ChromeDriverService.java:35)
	at org.openqa.selenium.chrome.ChromeDriverService$Builder.findDefaultExecutable(ChromeDriverService.java:159)
	at org.openqa.selenium.remote.service.DriverService$Builder.build(DriverService.java:355)
	at org.openqa.selenium.chrome.ChromeDriverService.createDefaultService(ChromeDriverService.java:94)
	at org.openqa.selenium.chrome.ChromeDriver.<init>(ChromeDriver.java:147)
	at configuration.WebConfiguration.setupWeb(WebConfiguration.java:26)
... Removed 26 stack frames]]>
    </failure>
  </testcase> <!-- @BeforeMethod setupWeb -->
  <testcase classname="requirements.messages.TestCasesRequirement1" name="@AfterMethod tearDownWeb" time="0.0">
    <failure type="java.lang.NullPointerException">
      <![CDATA[java.lang.NullPointerException
	at configuration.WebConfiguration.tearDownWeb(WebConfiguration.java:38)
... Removed 26 stack frames]]>
    </failure>
  </testcase> <!-- @AfterMethod tearDownWeb -->
  <testcase classname="requirements.messages.TestCasesRequirement1" name="print" time="0.0">
    <skipped/>
  </testcase> <!-- print -->
</testsuite> <!-- Test -->
